0 info it worked if it ends with ok
1 verbose cli [ '/Users/msessions/.nvm/v0.11.13/bin/node',
1 verbose cli   '/Users/msessions/.nvm/v0.11.13/bin/npm',
1 verbose cli   'start' ]
2 info using npm@1.4.9
3 info using node@v0.11.13
4 verbose run-script [ 'prestart', 'start', 'poststart' ]
5 info prestart peer-assets-client@1.0.0
6 info start peer-assets-client@1.0.0
7 verbose unsafe-perm in lifecycle true
8 info peer-assets-client@1.0.0 Failed to exec start script
9 error peer-assets-client@1.0.0 start: `webpack-dev-server --port 8081`
9 error Exit status 1
10 error Failed at the peer-assets-client@1.0.0 start script.
10 error This is most likely a problem with the peer-assets-client package,
10 error not with npm itself.
10 error Tell the author that this fails on your system:
10 error     webpack-dev-server --port 8081
10 error You can get their info via:
10 error     npm owner ls peer-assets-client
10 error There is likely additional logging output above.
11 error System Darwin 13.4.0
12 error command "/Users/msessions/.nvm/v0.11.13/bin/node" "/Users/msessions/.nvm/v0.11.13/bin/npm" "start"
13 error cwd /Users/msessions/Work/peer-assets/peer-assets-client
14 error node -v v0.11.13
15 error npm -v 1.4.9
16 error code ELIFECYCLE
17 verbose exit [ 1, true ]
